<?xml version="1.0" encoding="UTF-8"?>
<testsuite name="Organisms.Abstractions.OrganismsTest" tests="4" skipped="0" failures="0" errors="0" timestamp="2021-01-06T22:11:44" hostname="NH5-NH7" time="0.002">
  <properties/>
  <testcase name="testPassive" classname="Organisms.Abstractions.OrganismsTest" time="0.001"/>
  <testcase name="testAggressive" classname="Organisms.Abstractions.OrganismsTest" time="0.0"/>
  <testcase name="testSubmissive" classname="Organisms.Abstractions.OrganismsTest" time="0.0"/>
  <testcase name="testDominant" classname="Organisms.Abstractions.OrganismsTest" time="0.0"/>
  <system-out><![CDATA[]]></system-out>
  <system-err><![CDATA[]]></system-err>
</testsuite>
