<?xml version="1.0" encoding="UTF-8"?>
<testsuite name="Organisms.AggressiveOrganismTest" tests="2" skipped="0" failures="0" errors="0" timestamp="2020-11-20T21:15:46" hostname="NH5-NH7" time="0.001">
  <properties/>
  <testcase name="testToString" classname="Organisms.AggressiveOrganismTest" time="0.001"/>
  <testcase name="testParameters" classname="Organisms.AggressiveOrganismTest" time="0.0"/>
  <system-out><![CDATA[repr_rate: 0.0
hostility: 2.0
food_taken: 0.0

repr_rate: 0.0
hostility: 2.0
food_taken: 0.0

repr_rate: 0.0
hostility: 2.0
food_taken: 0.0

]]></system-out>
  <system-err><![CDATA[]]></system-err>
</testsuite>
